{"numTotalTestSuites":120,"numPassedTestSuites":120,"numFailedTestSuites":0,"numPendingTestSuites":0,"numTotalTests":381,"numPassedTests":377,"numFailedTests":0,"numPendingTests":4,"numTodoTests":0,"snapshot":{"added":0,"failure":false,"filesAdded":0,"filesRemoved":0,"filesRemovedList":[],"filesUnmatched":0,"filesUpdated":0,"matched":0,"total":0,"unchecked":0,"uncheckedKeysByFile":[],"unmatched":0,"updated":0,"didUpdate":false},"startTime":1784434178888,"success":true,"testResults":[{"assertionResults":[{"ancestorTitles":["useActiveRunsPoller"],"fullName":"useActiveRunsPoller should fetch active runs on mount","status":"passed","title":"should fetch active runs on mount","duration":74.5395420000001,"failureMessages":[],"meta":{}},{"ancestorTitles":["useActiveRunsPoller"],"fullName":"useActiveRunsPoller should handle API errors","status":"passed","title":"should handle API errors","duration":58.57304099999999,"failureMessages":[],"meta":{}},{"ancestorTitles":["useActiveRunsPoller"],"fullName":"useActiveRunsPoller should cleanup on unmount","status":"passed","title":"should cleanup on unmount","duration":91.71325000000002,"failureMessages":[],"meta":{}}],"startTime":1784434188640,"endTime":1784434188864.7131,"status":"passed","message":"","name":"/Users/kartikyadav/Desktop/Newtypeorgs/krkn-org/krkn-operator-console/src/hooks/useActiveRunsPoller.test.tsx"},{"assertionResults":[{"ancestorTitles":["ActiveRunsModal"],"fullName":"ActiveRunsModal should render modal when isOpen is true","status":"passed","title":"should render modal when isOpen is true","duration":216.78170899999986,"failureMessages":[],"meta":{}},{"ancestorTitles":["ActiveRunsModal"],"fullName":"ActiveRunsModal should not render modal when isOpen is false","status":"passed","title":"should not render modal when isOpen is false","duration":2.000916999999845,"failureMessages":[],"meta":{}},{"ancestorTitles":["ActiveRunsModal"],"fullName":"ActiveRunsModal should render empty state when no active runs","status":"passed","title":"should render empty state when no active runs","duration":58.44258300000001,"failureMessages":[],"meta":{}},{"ancestorTitles":["ActiveRunsModal"],"fullName":"ActiveRunsModal should render tree structure with cluster and runs","status":"passed","title":"should render tree structure with cluster and runs","duration":48.18345799999997,"failureMessages":[],"meta":{}},{"ancestorTitles":["ActiveRunsModal"],"fullName":"ActiveRunsModal should call onClose when modal is closed","status":"passed","title":"should call onClose when modal is closed","duration":68.17304100000001,"failureMessages":[],"meta":{}},{"ancestorTitles":["ActiveRunsModal"],"fullName":"ActiveRunsModal should handle null activeRuns","status":"passed","title":"should handle null activeRuns","duration":40.00837500000034,"failureMessages":[],"meta":{}}],"startTime":1784434187248,"endTime":1784434187682.0083,"status":"passed","message":"","name":"/Users/kartikyadav/Desktop/Newtypeorgs/krkn-org/krkn-operator-console/src/components/ActiveRunsModal.test.tsx"},{"assertionResults":[{"ancestorTitles":["ActiveRunsSummary"],"fullName":"ActiveRunsSummary should not render when loading initially","status":"passed","title":"should not render when loading initially","duration":7.167625000000044,"failureMessages":[],"meta":{}},{"ancestorTitles":["ActiveRunsSummary"],"fullName":"ActiveRunsSummary should not render when there is an error","status":"passed","title":"should not render when there is an error","duration":0.7080419999999776,"failureMessages":[],"meta":{}},{"ancestorTitles":["ActiveRunsSummary"],"fullName":"ActiveRunsSummary should not render when there are no active runs","status":"passed","title":"should not render when there are no active runs","duration":2.9585830000000897,"failureMessages":[],"meta":{}},{"ancestorTitles":["ActiveRunsSummary"],"fullName":"ActiveRunsSummary should render singular message for 1 scenario","status":"passed","title":"should render singular message for 1 scenario","duration":19.654209000000037,"failureMessages":[],"meta":{}},{"ancestorTitles":["ActiveRunsSummary"],"fullName":"ActiveRunsSummary should render plural message for multiple scenarios","status":"passed","title":"should render plural message for multiple scenarios","duration":3.187125000000151,"failureMessages":[],"meta":{}},{"ancestorTitles":["ActiveRunsSummary"],"fullName":"ActiveRunsSummary should render info Alert variant","status":"passed","title":"should render info Alert variant","duration":3.960916000000225,"failureMessages":[],"meta":{}},{"ancestorTitles":["ActiveRunsSummary"],"fullName":"ActiveRunsSummary should show spinner when loading","status":"passed","title":"should show spinner when loading","duration":2.5429579999999987,"failureMessages":[],"meta":{}},{"ancestorTitles":["ActiveRunsSummary"],"fullName":"ActiveRunsSummary should open modal when search icon is clicked","status":"passed","title":"should open modal when search icon is clicked","duration":239.94970899999998,"failureMessages":[],"meta":{}}],"startTime":1784434188955,"endTime":1784434189234.9497,"status":"passed","message":"","name":"/Users/kartikyadav/Desktop/Newtypeorgs/krkn-org/krkn-operator-console/src/components/ActiveRunsSummary.test.tsx"},{"assertionResults":[{"ancestorTitles":["AddMembersModal"],"fullName":"AddMembersModal should display loading spinner initially","status":"passed","title":"should display loading spinner initially","duration":195.38516700000037,"failureMessages":[],"meta":{}},{"ancestorTitles":["AddMembersModal"],"fullName":"AddMembersModal should display available users (excluding current members)","status":"passed","title":"should display available users (excluding current members)","duration":88.95433400000002,"failureMessages":[],"meta":{}},{"ancestorTitles":["AddMembersModal"],"fullName":"AddMembersModal should display empty state when all users are already members","status":"passed","title":"should display empty state when all users are already members","duration":81.66329099999984,"failureMessages":[],"meta":{}},{"ancestorTitles":["AddMembersModal"],"fullName":"AddMembersModal should display empty state when no users exist","status":"passed","title":"should display empty state when no users exist","duration":79.54045799999994,"failureMessages":[],"meta":{}},{"ancestorTitles":["AddMembersModal"],"fullName":"AddMembersModal should allow selecting and deselecting users","status":"passed","title":"should allow selecting and deselecting users","duration":228.40925000000016,"failureMessages":[],"meta":{}},{"ancestorTitles":["AddMembersModal"],"fullName":"AddMembersModal should allow selecting all users","status":"passed","title":"should allow selecting all users","duration":162.11979199999996,"failureMessages":[],"meta":{}},{"ancestorTitles":["AddMembersModal"],"fullName":"AddMembersModal should call addGroupMember API for each selected user","status":"passed","title":"should call addGroupMember API for each selected user","duration":175.1095409999998,"failureMessages":[],"meta":{}},{"ancestorTitles":["AddMembersModal"],"fullName":"AddMembersModal should handle partial failures when adding multiple users","status":"passed","title":"should handle partial failures when adding multiple users","duration":138.9431669999999,"failureMessages":[],"meta":{}},{"ancestorTitles":["AddMembersModal"],"fullName":"AddMembersModal should disable submit button when no users are selected","status":"passed","title":"should disable submit button when no users are selected","duration":47.48566600000004,"failureMessages":[],"meta":{}},{"ancestorTitles":["AddMembersModal"],"fullName":"AddMembersModal should call onClose when Cancel button is clicked","status":"passed","title":"should call onClose when Cancel button is clicked","duration":78.13466699999981,"failureMessages":[],"meta":{}}],"startTime":1784434181215,"endTime":1784434182491.1348,"status":"passed","message":"","name":"/Users/kartikyadav/Desktop/Newtypeorgs/krkn-org/krkn-operator-console/src/components/AddMembersModal.test.tsx"},{"assertionResults":[{"ancestorTitles":["ClusterConflictWarning"],"fullName":"ClusterConflictWarning should render modal when isOpen is true","status":"passed","title":"should render modal when isOpen is true","duration":338.4894159999999,"failureMessages":[],"meta":{}},{"ancestorTitles":["ClusterConflictWarning"],"fullName":"ClusterConflictWarning should not render modal when isOpen is false","status":"passed","title":"should not render modal when isOpen is false","duration":4.225957999999991,"failureMessages":[],"meta":{}},{"ancestorTitles":["ClusterConflictWarning"],"fullName":"ClusterConflictWarning should display singular message for one existing run","status":"passed","title":"should display singular message for one existing run","duration":72.00404200000003,"failureMessages":[],"meta":{}},{"ancestorTitles":["ClusterConflictWarning"],"fullName":"ClusterConflictWarning should display plural message for multiple existing runs","status":"passed","title":"should display plural message for multiple existing runs","duration":118.60220800000002,"failureMessages":[],"meta":{}},{"ancestorTitles":["ClusterConflictWarning"],"fullName":"ClusterConflictWarning should display all existing run names","status":"passed","title":"should display all existing run names","duration":27.88325000000009,"failureMessages":[],"meta":{}},{"ancestorTitles":["ClusterConflictWarning"],"fullName":"ClusterConflictWarning should call onCancel when Cancel button is clicked","status":"passed","title":"should call onCancel when Cancel button is clicked","duration":79.53625000000011,"failureMessages":[],"meta":{}},{"ancestorTitles":["ClusterConflictWarning"],"fullName":"ClusterConflictWarning should call onContinue when Continue button is clicked","status":"passed","title":"should call onContinue when Continue button is clicked","duration":194.26212499999974,"failureMessages":[],"meta":{}},{"ancestorTitles":["ClusterConflictWarning"],"fullName":"ClusterConflictWarning should show title with warning text","status":"passed","title":"should show title with warning text","duration":54.448667000000114,"failureMessages":[],"meta":{}},{"ancestorTitles":["ClusterConflictWarning"],"fullName":"ClusterConflictWarning should display performance warning message","status":"passed","title":"should display performance warning message","duration":83.53758300000027,"failureMessages":[],"meta":{}}],"startTime":1784434185286,"endTime":1784434186260.5376,"status":"passed","message":"","name":"/Users/kartikyadav/Desktop/Newtypeorgs/krkn-org/krkn-operator-console/src/components/ClusterConflictWarning.test.tsx"},{"assertionResults":[{"ancestorTitles":["ClusterPermissionsTable"],"fullName":"ClusterPermissionsTable should render empty state when no targets available","status":"passed","title":"should render empty state when no targets available","duration":21.68054099999995,"failureMessages":[],"meta":{}},{"ancestorTitles":["ClusterPermissionsTable"],"fullName":"ClusterPermissionsTable should render table with cluster list","status":"passed","title":"should render table with cluster list","duration":48.0017499999999,"failureMessages":[],"meta":{}},{"ancestorTitles":["ClusterPermissionsTable"],"fullName":"ClusterPermissionsTable should display checkboxes for each action","status":"passed","title":"should display checkboxes for each action","duration":8.904125000000022,"failureMessages":[],"meta":{}},{"ancestorTitles":["ClusterPermissionsTable"],"fullName":"ClusterPermissionsTable should pre-check boxes based on existing permissions","status":"passed","title":"should pre-check boxes based on existing permissions","duration":34.20345899999984,"failureMessages":[],"meta":{}},{"ancestorTitles":["ClusterPermissionsTable"],"fullName":"ClusterPermissionsTable should call onChange when checkbox is toggled","status":"passed","title":"should call onChange when checkbox is toggled","duration":318.0081660000001,"failureMessages":[],"meta":{}},{"ancestorTitles":["ClusterPermissionsTable"],"fullName":"ClusterPermissionsTable should display orphaned clusters with warning badge when showOrphanedWarning is true","status":"passed","title":"should display orphaned clusters with warning badge when showOrphanedWarning is true","duration":21.698708000000124,"failureMessages":[],"meta":{}}],"startTime":1784434187784,"endTime":1784434188236.6987,"status":"passed","message":"","name":"/Users/kartikyadav/Desktop/Newtypeorgs/krkn-org/krkn-operator-console/src/components/ClusterPermissionsTable.test.tsx"},{"assertionResults":[{"ancestorTitles":["EditGroupModal"],"fullName":"EditGroupModal should display loading state initially","status":"passed","title":"should display loading state initially","duration":299.9615829999998,"failureMessages":[],"meta":{}},{"ancestorTitles":["EditGroupModal"],"fullName":"EditGroupModal should fetch group data and start cluster discovery when modal opens","status":"passed","title":"should fetch group data and start cluster discovery when modal opens","duration":78.94987500000025,"failureMessages":[],"meta":{}},{"ancestorTitles":["EditGroupModal"],"fullName":"EditGroupModal should render form with pre-populated data after loading","status":"passed","title":"should render form with pre-populated data after loading","duration":108.0852090000003,"failureMessages":[],"meta":{}},{"ancestorTitles":["EditGroupModal"],"fullName":"EditGroupModal should display error when group fetch fails","status":"passed","title":"should display error when group fetch fails","duration":67.41341599999987,"failureMessages":[],"meta":{}},{"ancestorTitles":["EditGroupModal"],"fullName":"EditGroupModal should reset state when modal closes and reopens","status":"passed","title":"should reset state when modal closes and reopens","duration":173.6038749999998,"failureMessages":[],"meta":{}},{"ancestorTitles":["EditGroupModal"],"fullName":"EditGroupModal should handle orphaned clusters (clusters in permissions but not in targets)","status":"passed","title":"should handle orphaned clusters (clusters in permissions but not in targets)","duration":65.96991600000001,"failureMessages":[],"meta":{}}],"startTime":1784434181285,"endTime":1784434182079.97,"status":"passed","message":"","name":"/Users/kartikyadav/Desktop/Newtypeorgs/krkn-org/krkn-operator-console/src/components/EditGroupModal.test.tsx"},{"assertionResults":[{"ancestorTitles":["FileSelector"],"fullName":"FileSelector renders without crashing","status":"passed","title":"renders without crashing","duration":281.438167,"failureMessages":[],"meta":{}},{"ancestorTitles":["FileSelector"],"fullName":"FileSelector loads available files on mount","status":"passed","title":"loads available files on mount","duration":65.0514169999999,"failureMessages":[],"meta":{}},{"ancestorTitles":["FileSelector"],"fullName":"FileSelector shows \"No files available\" when there are no files","status":"passed","title":"shows \"No files available\" when there are no files","duration":72.0665839999997,"failureMessages":[],"meta":{}},{"ancestorTitles":["FileSelector"],"fullName":"FileSelector displays selected files","status":"passed","title":"displays selected files","duration":156.33216600000014,"failureMessages":[],"meta":{}},{"ancestorTitles":["FileSelector"],"fullName":"FileSelector calls onPendingChange when file is selected","status":"passed","title":"calls onPendingChange when file is selected","duration":145.49216700000034,"failureMessages":[],"meta":{}},{"ancestorTitles":["FileSelector"],"fullName":"FileSelector validates mount path (must start with /)","status":"passed","title":"validates mount path (must start with /)","duration":363.9397920000001,"failureMessages":[],"meta":{}},{"ancestorTitles":["FileSelector"],"fullName":"FileSelector adds file reference when valid","status":"passed","title":"adds file reference when valid","duration":218.52925000000005,"failureMessages":[],"meta":{}},{"ancestorTitles":["FileSelector"],"fullName":"FileSelector removes file reference when remove button clicked","status":"passed","title":"removes file reference when remove button clicked","duration":47.56204200000002,"failureMessages":[],"meta":{}},{"ancestorTitles":["FileSelector"],"fullName":"FileSelector filters out already selected files from dropdown","status":"passed","title":"filters out already selected files from dropdown","duration":148.73966700000028,"failureMessages":[],"meta":{}},{"ancestorTitles":["FileSelector"],"fullName":"FileSelector clears pending state when file is added","status":"passed","title":"clears pending state when file is added","duration":215.31233299999985,"failureMessages":[],"meta":{}},{"ancestorTitles":["FileSelector"],"fullName":"FileSelector shows loading state while fetching files","status":"passed","title":"shows loading state while fetching files","duration":42.342957999999726,"failureMessages":[],"meta":{}},{"ancestorTitles":["FileSelector"],"fullName":"FileSelector handles API error gracefully","status":"passed","title":"handles API error gracefully","duration":39.99299999999994,"failureMessages":[],"meta":{}}],"startTime":1784434180654,"endTime":1784434182451.993,"status":"passed","message":"","name":"/Users/kartikyadav/Desktop/Newtypeorgs/krkn-org/krkn-operator-console/src/components/FileSelector.test.tsx"},{"assertionResults":[{"ancestorTitles":["QuakeTerminal"],"fullName":"QuakeTerminal should render trigger button","status":"passed","title":"should render trigger button","duration":221.0492079999999,"failureMessages":[],"meta":{}},{"ancestorTitles":["QuakeTerminal"],"fullName":"QuakeTerminal should have proper ARIA attributes when closed","status":"passed","title":"should have proper ARIA attributes when closed","duration":56.11504099999979,"failureMessages":[],"meta":{}},{"ancestorTitles":["QuakeTerminal"],"fullName":"QuakeTerminal should toggle terminal when trigger is clicked","status":"passed","title":"should toggle terminal when trigger is clicked","duration":49.06404100000009,"failureMessages":[],"meta":{}},{"ancestorTitles":["QuakeTerminal"],"fullName":"QuakeTerminal should show backdrop when terminal is open","status":"passed","title":"should show backdrop when terminal is open","duration":53.82687499999997,"failureMessages":[],"meta":{}},{"ancestorTitles":["QuakeTerminal"],"fullName":"QuakeTerminal should close terminal when backdrop is clicked","status":"passed","title":"should close terminal when backdrop is clicked","duration":61.984459000000015,"failureMessages":[],"meta":{}},{"ancestorTitles":["QuakeTerminal"],"fullName":"QuakeTerminal should apply correct CSS classes when open/closed","status":"passed","title":"should apply correct CSS classes when open/closed","duration":47.398459,"failureMessages":[],"meta":{}},{"ancestorTitles":["QuakeTerminal"],"fullName":"QuakeTerminal should use custom height percentage","status":"passed","title":"should use custom height percentage","duration":11.025791000000027,"failureMessages":[],"meta":{}},{"ancestorTitles":["QuakeTerminal"],"fullName":"QuakeTerminal should use default height of 40vh","status":"passed","title":"should use default height of 40vh","duration":6.35308299999997,"failureMessages":[],"meta":{}},{"ancestorTitles":["QuakeTerminal"],"fullName":"QuakeTerminal should have keyboard accessible trigger button","status":"passed","title":"should have keyboard accessible trigger button","duration":26.44254100000012,"failureMessages":[],"meta":{}},{"ancestorTitles":["QuakeTerminal"],"fullName":"QuakeTerminal should render terminal icon in trigger","status":"passed","title":"should render terminal icon in trigger","duration":3.5950419999999212,"failureMessages":[],"meta":{}},{"ancestorTitles":["QuakeTerminal"],"fullName":"QuakeTerminal should show correct arrow direction","status":"passed","title":"should show correct arrow direction","duration":38.338583999999855,"failureMessages":[],"meta":{}}],"startTime":1784434183209,"endTime":1784434183784.3386,"status":"passed","message":"","name":"/Users/kartikyadav/Desktop/Newtypeorgs/krkn-org/krkn-operator-console/src/components/QuakeTerminal.test.tsx"},{"assertionResults":[{"ancestorTitles":["RegistrySelector","Initial Rendering"],"fullName":"RegistrySelector Initial Rendering should render the registry configuration card","status":"passed","title":"should render the registry configuration card","duration":97.21804199999997,"failureMessages":[],"meta":{}},{"ancestorTitles":["RegistrySelector","Initial Rendering"],"fullName":"RegistrySelector Initial Rendering should render public registry option by default","status":"passed","title":"should render public registry option by default","duration":19.934541999999965,"failureMessages":[],"meta":{}},{"ancestorTitles":["RegistrySelector","Initial Rendering"],"fullName":"RegistrySelector Initial Rendering should render private registry option","status":"passed","title":"should render private registry option","duration":15.076040999999805,"failureMessages":[],"meta":{}},{"ancestorTitles":["RegistrySelector","Initial Rendering"],"fullName":"RegistrySelector Initial Rendering should render load scenarios button","status":"passed","title":"should render load scenarios button","duration":234.37862500000028,"failureMessages":[],"meta":{}},{"ancestorTitles":["RegistrySelector","Initial Rendering"],"fullName":"RegistrySelector Initial Rendering should render cancel button","status":"passed","title":"should render cancel button","duration":75.78949999999986,"failureMessages":[],"meta":{}},{"ancestorTitles":["RegistrySelector","Initial Rendering"],"fullName":"RegistrySelector Initial Rendering should fetch available registries on mount","status":"passed","title":"should fetch available registries on mount","duration":6.862334000000374,"failureMessages":[],"meta":{}},{"ancestorTitles":["RegistrySelector","Public Registry Selection"],"fullName":"RegistrySelector Public Registry Selection should enable load button for public registry without extra fields","status":"passed","title":"should enable load button for public registry without extra fields","duration":66.12583399999994,"failureMessages":[],"meta":{}},{"ancestorTitles":["RegistrySelector","Public Registry Selection"],"fullName":"RegistrySelector Public Registry Selection should load scenarios from public registry","status":"passed","title":"should load scenarios from public registry","duration":96.13133400000015,"failureMessages":[],"meta":{}},{"ancestorTitles":["RegistrySelector","Public Registry Selection"],"fullName":"RegistrySelector Public Registry Selection should handle API errors when loading public registry scenarios","status":"passed","title":"should handle API errors when loading public registry scenarios","duration":146.38029200000028,"failureMessages":[],"meta":{}},{"ancestorTitles":["RegistrySelector","Private Registry Selection"],"fullName":"RegistrySelector Private Registry Selection should show registry dropdown when private option selected and registries available","status":"passed","title":"should show registry dropdown when private option selected and registries available","duration":71.63441599999987,"failureMessages":[],"meta":{}},{"ancestorTitles":["RegistrySelector","Private Registry Selection"],"fullName":"RegistrySelector Private Registry Selection should show empty state when no registries configured","status":"passed","title":"should show empty state when no registries configured","duration":53.16829199999984,"failureMessages":[],"meta":{}},{"ancestorTitles":["RegistrySelector","Private Registry Selection"],"fullName":"RegistrySelector Private Registry Selection should auto-select first registry when available","status":"passed","title":"should auto-select first registry when available","duration":42.45866699999988,"failureMessages":[],"meta":{}},{"ancestorTitles":["RegistrySelector","Private Registry Selection"],"fullName":"RegistrySelector Private Registry Selection should load scenarios from selected private registry","status":"passed","title":"should load scenarios from selected private registry","duration":132.92429100000027,"failureMessages":[],"meta":{}},{"ancestorTitles":["RegistrySelector","Private Registry Selection"],"fullName":"RegistrySelector Private Registry Selection should allow selecting different registry from dropdown","status":"passed","title":"should allow selecting different registry from dropdown","duration":270.7266249999998,"failureMessages":[],"meta":{}},{"ancestorTitles":["RegistrySelector","Private Registry Selection"],"fullName":"RegistrySelector Private Registry Selection should show loading spinner while fetching registries","status":"passed","title":"should show loading spinner while fetching registries","duration":113.61020899999994,"failureMessages":[],"meta":{}},{"ancestorTitles":["RegistrySelector","Private Registry Selection"],"fullName":"RegistrySelector Private Registry Selection should show error when fetching registries fails","status":"passed","title":"should show error when fetching registries fails","duration":49.10741700000017,"failureMessages":[],"meta":{}},{"ancestorTitles":["RegistrySelector","Form Validation"],"fullName":"RegistrySelector Form Validation should disable load button when private selected but no registries available","status":"passed","title":"should disable load button when private selected but no registries available","duration":63.886667000000216,"failureMessages":[],"meta":{}},{"ancestorTitles":["RegistrySelector","Form Validation"],"fullName":"RegistrySelector Form Validation should disable load button while loading registries","status":"passed","title":"should disable load button while loading registries","duration":113.08391699999993,"failureMessages":[],"meta":{}},{"ancestorTitles":["RegistrySelector","Loading State"],"fullName":"RegistrySelector Loading State should show loading state while fetching scenarios","status":"passed","title":"should show loading state while fetching scenarios","duration":166.7976249999997,"failureMessages":[],"meta":{}},{"ancestorTitles":["RegistrySelector","Loading State"],"fullName":"RegistrySelector Loading State should disable load button while loading","status":"passed","title":"should disable load button while loading","duration":84.86908300000005,"failureMessages":[],"meta":{}},{"ancestorTitles":["RegistrySelector","Cancel Workflow"],"fullName":"RegistrySelector Cancel Workflow should dispatch cancel action when cancel button clicked","status":"passed","title":"should dispatch cancel action when cancel button clicked","duration":45.08804199999986,"failureMessages":[],"meta":{}},{"ancestorTitles":["RegistrySelector","Registry Type Toggle"],"fullName":"RegistrySelector Registry Type Toggle should hide registry dropdown when switching from private to public","status":"passed","title":"should hide registry dropdown when switching from private to public","duration":65.2607079999998,"failureMessages":[],"meta":{}}],"startTime":1784434186865,"endTime":1784434188898.2607,"status":"passed","message":"","name":"/Users/kartikyadav/Desktop/Newtypeorgs/krkn-org/krkn-operator-console/src/components/RegistrySelector.test.tsx"},{"assertionResults":[{"ancestorTitles":["ResiliencyScoreModal","Modal Rendering"],"fullName":"ResiliencyScoreModal Modal Rendering should render modal when isOpen is true","status":"passed","title":"should render modal when isOpen is true","duration":350.13004200000023,"failureMessages":[],"meta":{}},{"ancestorTitles":["ResiliencyScoreModal","Modal Rendering"],"fullName":"ResiliencyScoreModal Modal Rendering should not render modal when isOpen is false","status":"passed","title":"should not render modal when isOpen is false","duration":7.618541999999707,"failureMessages":[],"meta":{}},{"ancestorTitles":["ResiliencyScoreModal","Modal Rendering"],"fullName":"ResiliencyScoreModal Modal Rendering should load available files on mount","status":"passed","title":"should load available files on mount","duration":195.67395899999974,"failureMessages":[],"meta":{}},{"ancestorTitles":["ResiliencyScoreModal","Baseline Score Validation"],"fullName":"ResiliencyScoreModal Baseline Score Validation should show error when baseline is empty","status":"passed","title":"should show error when baseline is empty","duration":189.56437499999993,"failureMessages":[],"meta":{}},{"ancestorTitles":["ResiliencyScoreModal","Baseline Score Validation"],"fullName":"ResiliencyScoreModal Baseline Score Validation should show error when baseline is not a number","status":"passed","title":"should show error when baseline is not a number","duration":180.574208,"failureMessages":[],"meta":{}},{"ancestorTitles":["ResiliencyScoreModal","Baseline Score Validation"],"fullName":"ResiliencyScoreModal Baseline Score Validation should show error when baseline is negative","status":"passed","title":"should show error when baseline is negative","duration":241.59062499999982,"failureMessages":[],"meta":{}},{"ancestorTitles":["ResiliencyScoreModal","Baseline Score Validation"],"fullName":"ResiliencyScoreModal Baseline Score Validation should accept valid baseline score","status":"passed","title":"should accept valid baseline score","duration":262.3465839999999,"failureMessages":[],"meta":{}},{"ancestorTitles":["ResiliencyScoreModal","Mount Path Validation"],"fullName":"ResiliencyScoreModal Mount Path Validation should show error when mount path is empty","status":"passed","title":"should show error when mount path is empty","duration":430.56708400000025,"failureMessages":[],"meta":{}},{"ancestorTitles":["ResiliencyScoreModal","Mount Path Validation"],"fullName":"ResiliencyScoreModal Mount Path Validation should show error when mount path is not absolute","status":"passed","title":"should show error when mount path is not absolute","duration":634.3592079999999,"failureMessages":[],"meta":{}},{"ancestorTitles":["ResiliencyScoreModal","Mount Path Validation"],"fullName":"ResiliencyScoreModal Mount Path Validation should accept valid absolute mount path","status":"passed","title":"should accept valid absolute mount path","duration":849.2462500000001,"failureMessages":[],"meta":{}},{"ancestorTitles":["ResiliencyScoreModal","File Selection Modes"],"fullName":"ResiliencyScoreModal File Selection Modes should default to \"same file for all nodes\" mode","status":"passed","title":"should default to \"same file for all nodes\" mode","duration":102.23000000000047,"failureMessages":[],"meta":{}},{"ancestorTitles":["ResiliencyScoreModal","File Selection Modes"],"fullName":"ResiliencyScoreModal File Selection Modes should switch to per-node file selection mode","status":"passed","title":"should switch to per-node file selection mode","duration":169.6197089999996,"failureMessages":[],"meta":{}},{"ancestorTitles":["ResiliencyScoreModal","File Selection Modes"],"fullName":"ResiliencyScoreModal File Selection Modes should show warning when no nodes available in per-node mode","status":"passed","title":"should show warning when no nodes available in per-node mode","duration":151.57300000000032,"failureMessages":[],"meta":{}},{"ancestorTitles":["ResiliencyScoreModal","File Selection - Same File Mode"],"fullName":"ResiliencyScoreModal File Selection - Same File Mode should allow selecting a file in same-file mode","status":"passed","title":"should allow selecting a file in same-file mode","duration":644.902959,"failureMessages":[],"meta":{}},{"ancestorTitles":["ResiliencyScoreModal","File Selection - Same File Mode"],"fullName":"ResiliencyScoreModal File Selection - Same File Mode should submit with selected file in same-file mode","status":"passed","title":"should submit with selected file in same-file mode","duration":887.4966249999998,"failureMessages":[],"meta":{}},{"ancestorTitles":["ResiliencyScoreModal","File Selection - Same File Mode"],"fullName":"ResiliencyScoreModal File Selection - Same File Mode should submit without file if none selected in same-file mode","status":"passed","title":"should submit without file if none selected in same-file mode","duration":443.25925000000007,"failureMessages":[],"meta":{}},{"ancestorTitles":["ResiliencyScoreModal","File Selection - Per-Node Mode"],"fullName":"ResiliencyScoreModal File Selection - Per-Node Mode should allow selecting different files for different nodes","status":"passed","title":"should allow selecting different files for different nodes","duration":1485.2021669999995,"failureMessages":[],"meta":{}},{"ancestorTitles":["ResiliencyScoreModal","Cancel Flow"],"fullName":"ResiliencyScoreModal Cancel Flow should call onClose when cancel button clicked","status":"passed","title":"should call onClose when cancel button clicked","duration":240.77879199999916,"failureMessages":[],"meta":{}},{"ancestorTitles":["ResiliencyScoreModal","State Reset"],"fullName":"ResiliencyScoreModal State Reset should reset form when modal closes and reopens","status":"passed","title":"should reset form when modal closes and reopens","duration":435.0730829999993,"failureMessages":[],"meta":{}}],"startTime":1784434181215,"endTime":1784434189118.073,"status":"passed","message":"","name":"/Users/kartikyadav/Desktop/Newtypeorgs/krkn-org/krkn-operator-console/src/components/ResiliencyScoreModal.test.tsx"},{"assertionResults":[{"ancestorTitles":["ScenarioDetail","Component Loading"],"fullName":"ScenarioDetail Component Loading should show loading spinner when scenario detail is null","status":"passed","title":"should show loading spinner when scenario detail is null","duration":27.419334000000163,"failureMessages":[],"meta":{}},{"ancestorTitles":["ScenarioDetail","Component Loading"],"fullName":"ScenarioDetail Component Loading should fetch scenario detail on mount","status":"passed","title":"should fetch scenario detail on mount","duration":10.682374999999865,"failureMessages":[],"meta":{}},{"ancestorTitles":["ScenarioDetail","Component Loading"],"fullName":"ScenarioDetail Component Loading should fetch scenario detail with private registry config","status":"passed","title":"should fetch scenario detail with private registry config","duration":4.467791999999918,"failureMessages":[],"meta":{}},{"ancestorTitles":["ScenarioDetail","Component Loading"],"fullName":"ScenarioDetail Component Loading should handle error when fetching scenario detail","status":"passed","title":"should handle error when fetching scenario detail","duration":58.12129199999981,"failureMessages":[],"meta":{}},{"ancestorTitles":["ScenarioDetail","Scenario Header Display"],"fullName":"ScenarioDetail Scenario Header Display should render scenario title","status":"passed","title":"should render scenario title","duration":326.8289169999998,"failureMessages":[],"meta":{}},{"ancestorTitles":["ScenarioDetail","Scenario Header Display"],"fullName":"ScenarioDetail Scenario Header Display should render scenario description","status":"passed","title":"should render scenario description","duration":208.89033300000028,"failureMessages":[],"meta":{}},{"ancestorTitles":["ScenarioDetail","Scenario Header Display"],"fullName":"ScenarioDetail Scenario Header Display should render scenario digest","status":"passed","title":"should render scenario digest","duration":79.86791700000003,"failureMessages":[],"meta":{}},{"ancestorTitles":["ScenarioDetail","Scenario Header Display"],"fullName":"ScenarioDetail Scenario Header Display should render back button","status":"passed","title":"should render back button","duration":115.63504199999988,"failureMessages":[],"meta":{}},{"ancestorTitles":["ScenarioDetail","Required Fields Section"],"fullName":"ScenarioDetail Required Fields Section should render required parameters section","status":"passed","title":"should render required parameters section","duration":72.35929199999964,"failureMessages":[],"meta":{}},{"ancestorTitles":["ScenarioDetail","Required Fields Section"],"fullName":"ScenarioDetail Required Fields Section should display required fields only in required section","status":"passed","title":"should display required fields only in required section","duration":62.356874999999945,"failureMessages":[],"meta":{}},{"ancestorTitles":["ScenarioDetail","Required Fields Section"],"fullName":"ScenarioDetail Required Fields Section should update form values when required fields change","status":"passed","title":"should update form values when required fields change","duration":37.67320800000016,"failureMessages":[],"meta":{}},{"ancestorTitles":["ScenarioDetail","Optional Fields Section"],"fullName":"ScenarioDetail Optional Fields Section should render optional fields checkbox","status":"passed","title":"should render optional fields checkbox","duration":67.31833299999971,"failureMessages":[],"meta":{}},{"ancestorTitles":["ScenarioDetail","Optional Fields Section"],"fullName":"ScenarioDetail Optional Fields Section should show optional fields when checkbox clicked","status":"passed","title":"should show optional fields when checkbox clicked","duration":157.70141699999976,"failureMessages":[],"meta":{}},{"ancestorTitles":["ScenarioDetail","Optional Fields Section"],"fullName":"ScenarioDetail Optional Fields Section should hide optional fields by default","status":"passed","title":"should hide optional fields by default","duration":37.34737499999983,"failureMessages":[],"meta":{}},{"ancestorTitles":["ScenarioDetail","Global Parameters Section"],"fullName":"ScenarioDetail Global Parameters Section should render global parameters checkbox","status":"passed","title":"should render global parameters checkbox","duration":42.38004100000035,"failureMessages":[],"meta":{}},{"ancestorTitles":["ScenarioDetail","Global Parameters Section"],"fullName":"ScenarioDetail Global Parameters Section should fetch global parameters when checkbox clicked","status":"passed","title":"should fetch global parameters when checkbox clicked","duration":136.1083749999998,"failureMessages":[],"meta":{}},{"ancestorTitles":["ScenarioDetail","Global Parameters Section"],"fullName":"ScenarioDetail Global Parameters Section should show loading spinner while fetching globals","status":"passed","title":"should show loading spinner while fetching globals","duration":310.6168749999997,"failureMessages":[],"meta":{}},{"ancestorTitles":["ScenarioDetail","Global Parameters Section"],"fullName":"ScenarioDetail Global Parameters Section should handle error when fetching globals","status":"passed","title":"should handle error when fetching globals","duration":94.65704199999982,"failureMessages":[],"meta":{}},{"ancestorTitles":["ScenarioDetail","Global Parameters Section"],"fullName":"ScenarioDetail Global Parameters Section should not fetch globals again if already loaded","status":"passed","title":"should not fetch globals again if already loaded","duration":111.19241599999987,"failureMessages":[],"meta":{}},{"ancestorTitles":["ScenarioDetail","Form Validation"],"fullName":"ScenarioDetail Form Validation should enable preview button when required fields filled","status":"passed","title":"should enable preview button when required fields filled","duration":99.2508340000004,"failureMessages":[],"meta":{}},{"ancestorTitles":["ScenarioDetail","Form Validation"],"fullName":"ScenarioDetail Form Validation should show validation errors when preview clicked with missing fields","status":"passed","title":"should show validation errors when preview clicked with missing fields","duration":142.06204199999956,"failureMessages":[],"meta":{}},{"ancestorTitles":["ScenarioDetail","Configuration Preview"],"fullName":"ScenarioDetail Configuration Preview should show preview when preview button clicked with valid form","status":"passed","title":"should show preview when preview button clicked with valid form","duration":107.03295900000012,"failureMessages":[],"meta":{}},{"ancestorTitles":["ScenarioDetail","Configuration Preview"],"fullName":"ScenarioDetail Configuration Preview should display scenario parameters in preview table","status":"passed","title":"should display scenario parameters in preview table","duration":122.84929200000079,"failureMessages":[],"meta":{}},{"ancestorTitles":["ScenarioDetail","Configuration Preview"],"fullName":"ScenarioDetail Configuration Preview should show edit button in preview mode","status":"passed","title":"should show edit button in preview mode","duration":173.7897499999999,"failureMessages":[],"meta":{}},{"ancestorTitles":["ScenarioDetail","Configuration Preview"],"fullName":"ScenarioDetail Configuration Preview should return to form when edit button clicked","status":"passed","title":"should return to form when edit button clicked","duration":318.0479170000008,"failureMessages":[],"meta":{}},{"ancestorTitles":["ScenarioDetail","Configuration Preview"],"fullName":"ScenarioDetail Configuration Preview should mask secret fields in preview","status":"passed","title":"should mask secret fields in preview","duration":159.05545799999982,"failureMessages":[],"meta":{}},{"ancestorTitles":["ScenarioDetail","Configuration Preview"],"fullName":"ScenarioDetail Configuration Preview should show default values when field is empty","status":"passed","title":"should show default values when field is empty","duration":152.41862499999934,"failureMessages":[],"meta":{}},{"ancestorTitles":["ScenarioDetail","Running Scenario"],"fullName":"ScenarioDetail Running Scenario should run scenario when run button clicked in preview mode","status":"passed","title":"should run scenario when run button clicked in preview mode","duration":169.91762500000004,"failureMessages":[],"meta":{}},{"ancestorTitles":["ScenarioDetail","Running Scenario"],"fullName":"ScenarioDetail Running Scenario should build correct scenario run request with public registry","status":"passed","title":"should build correct scenario run request with public registry","duration":232.78591700000015,"failureMessages":[],"meta":{}},{"ancestorTitles":["ScenarioDetail","Running Scenario"],"fullName":"ScenarioDetail Running Scenario should build correct scenario image for private registry","status":"passed","title":"should build correct scenario image for private registry","duration":265.0371670000004,"failureMessages":[],"meta":{}},{"ancestorTitles":["ScenarioDetail","Running Scenario"],"fullName":"ScenarioDetail Running Scenario should show success notification when scenario run created","status":"passed","title":"should show success notification when scenario run created","duration":343.4345000000003,"failureMessages":[],"meta":{}},{"ancestorTitles":["ScenarioDetail","Running Scenario"],"fullName":"ScenarioDetail Running Scenario should dispatch scenario run created action","status":"passed","title":"should dispatch scenario run created action","duration":311.0027920000002,"failureMessages":[],"meta":{}},{"ancestorTitles":["ScenarioDetail","Cluster Conflict Warning"],"fullName":"ScenarioDetail Cluster Conflict Warning should show cluster conflict warning when cluster has active runs","status":"passed","title":"should show cluster conflict warning when cluster has active runs","duration":559.0245420000001,"failureMessages":[],"meta":{}},{"ancestorTitles":["ScenarioDetail","Cluster Conflict Warning"],"fullName":"ScenarioDetail Cluster Conflict Warning should proceed with run when no conflicts exist","status":"passed","title":"should proceed with run when no conflicts exist","duration":327.82175000000007,"failureMessages":[],"meta":{}},{"ancestorTitles":["ScenarioDetail","Back Navigation"],"fullName":"ScenarioDetail Back Navigation should dispatch go back action when back button clicked","status":"passed","title":"should dispatch go back action when back button clicked","duration":150.55091699999957,"failureMessages":[],"meta":{}},{"ancestorTitles":["ScenarioDetail","Global Parameters in Preview"],"fullName":"ScenarioDetail Global Parameters in Preview should show touched global parameters in preview","status":"passed","title":"should show touched global parameters in preview","duration":223.83420800000022,"failureMessages":[],"meta":{}},{"ancestorTitles":["ScenarioDetail","Global Parameters in Preview"],"fullName":"ScenarioDetail Global Parameters in Preview should not show untouched global parameters in preview","status":"passed","title":"should not show untouched global parameters in preview","duration":173.38749999999982,"failureMessages":[],"meta":{}}],"startTime":1784434181242,"endTime":1784434187236.3875,"status":"passed","message":"","name":"/Users/kartikyadav/Desktop/Newtypeorgs/krkn-org/krkn-operator-console/src/components/ScenarioDetail.test.tsx"},{"assertionResults":[{"ancestorTitles":["ScenariosList category filter"],"fullName":"ScenariosList category filter shows every scenario when no category is selected","status":"passed","title":"shows every scenario when no category is selected","duration":200.7192500000001,"failureMessages":[],"meta":{}},{"ancestorTitles":["ScenariosList category filter"],"fullName":"ScenariosList category filter narrows the list to the chosen category","status":"passed","title":"narrows the list to the chosen category","duration":202.64162499999998,"failureMessages":[],"meta":{}}],"startTime":1784434189209,"endTime":1784434189612.6416,"status":"passed","message":"","name":"/Users/kartikyadav/Desktop/Newtypeorgs/krkn-org/krkn-operator-console/src/components/ScenariosList.test.tsx"},{"assertionResults":[{"ancestorTitles":["TerminalContent"],"fullName":"TerminalContent should render loading state initially","status":"passed","title":"should render loading state initially","duration":29.345416999999998,"failureMessages":[],"meta":{}},{"ancestorTitles":["TerminalContent"],"fullName":"TerminalContent should load available commands when terminal opens","status":"passed","title":"should load available commands when terminal opens","duration":25.59483399999999,"failureMessages":[],"meta":{}},{"ancestorTitles":["TerminalContent"],"fullName":"TerminalContent should display cluster selection prompt","status":"passed","title":"should display cluster selection prompt","duration":7.430207999999993,"failureMessages":[],"meta":{}},{"ancestorTitles":["TerminalContent"],"fullName":"TerminalContent should display clusters sorted alphabetically","status":"passed","title":"should display clusters sorted alphabetically","duration":4.376416999999947,"failureMessages":[],"meta":{}},{"ancestorTitles":["TerminalContent"],"fullName":"TerminalContent should show help message with available commands when ? is typed","status":"passed","title":"should show help message with available commands when ? is typed","duration":205.97670800000014,"failureMessages":[],"meta":{}},{"ancestorTitles":["TerminalContent"],"fullName":"TerminalContent should show hint for available commands","status":"passed","title":"should show hint for available commands","duration":4.859541000000263,"failureMessages":[],"meta":{}},{"ancestorTitles":["TerminalContent"],"fullName":"TerminalContent should validate commands against available commands list","status":"passed","title":"should validate commands against available commands list","duration":180.5168749999998,"failureMessages":[],"meta":{}},{"ancestorTitles":["TerminalContent"],"fullName":"TerminalContent should block streaming flags","status":"passed","title":"should block streaming flags","duration":241.07858299999998,"failureMessages":[],"meta":{}},{"ancestorTitles":["TerminalContent"],"fullName":"TerminalContent should call onClose when exit is typed","status":"passed","title":"should call onClose when exit is typed","duration":48.12495800000033,"failureMessages":[],"meta":{}},{"ancestorTitles":["TerminalContent"],"fullName":"TerminalContent should cleanup target request on close","status":"passed","title":"should cleanup target request on close","duration":8.853874999999789,"failureMessages":[],"meta":{}},{"ancestorTitles":["TerminalContent"],"fullName":"TerminalContent should handle available commands fetch failure gracefully","status":"passed","title":"should handle available commands fetch failure gracefully","duration":7.0215830000001915,"failureMessages":[],"meta":{}}],"startTime":1784434187069,"endTime":1784434187832.0215,"status":"passed","message":"","name":"/Users/kartikyadav/Desktop/Newtypeorgs/krkn-org/krkn-operator-console/src/components/TerminalContent.test.tsx"},{"assertionResults":[{"ancestorTitles":["ViewGroupMembersModal"],"fullName":"ViewGroupMembersModal should display loading spinner initially","status":"passed","title":"should display loading spinner initially","duration":265.929541,"failureMessages":[],"meta":{}},{"ancestorTitles":["ViewGroupMembersModal"],"fullName":"ViewGroupMembersModal should display group members in a table","status":"passed","title":"should display group members in a table","duration":76.97791600000005,"failureMessages":[],"meta":{}},{"ancestorTitles":["ViewGroupMembersModal"],"fullName":"ViewGroupMembersModal should display empty state when group has no members","status":"passed","title":"should display empty state when group has no members","duration":47.11841699999991,"failureMessages":[],"meta":{}},{"ancestorTitles":["ViewGroupMembersModal"],"fullName":"ViewGroupMembersModal should display error message on API failure","status":"passed","title":"should display error message on API failure","duration":38.15466599999991,"failureMessages":[],"meta":{}},{"ancestorTitles":["ViewGroupMembersModal"],"fullName":"ViewGroupMembersModal should show confirmation dialog when removing a member","status":"passed","title":"should show confirmation dialog when removing a member","duration":182.57658300000003,"failureMessages":[],"meta":{}},{"ancestorTitles":["ViewGroupMembersModal"],"fullName":"ViewGroupMembersModal should call removeGroupMember API when confirming removal","status":"passed","title":"should call removeGroupMember API when confirming removal","duration":241.06870800000024,"failureMessages":[],"meta":{}},{"ancestorTitles":["ViewGroupMembersModal"],"fullName":"ViewGroupMembersModal should open AddMembersModal when Add Members button is clicked","status":"passed","title":"should open AddMembersModal when Add Members button is clicked","duration":120.51358399999981,"failureMessages":[],"meta":{}},{"ancestorTitles":["ViewGroupMembersModal"],"fullName":"ViewGroupMembersModal should call onClose when Close button is clicked","status":"passed","title":"should call onClose when Close button is clicked","duration":108.3874579999997,"failureMessages":[],"meta":{}}],"startTime":1784434183886,"endTime":1784434184966.3875,"status":"passed","message":"","name":"/Users/kartikyadav/Desktop/Newtypeorgs/krkn-org/krkn-operator-console/src/components/ViewGroupMembersModal.test.tsx"},{"assertionResults":[{"ancestorTitles":["UserDetails"],"fullName":"UserDetails should render all user fields correctly","status":"passed","title":"should render all user fields correctly","duration":55.3254169999999,"failureMessages":[],"meta":{}},{"ancestorTitles":["UserDetails"],"fullName":"UserDetails should format dates properly using toLocaleString","status":"passed","title":"should format dates properly using toLocaleString","duration":3.9107919999999012,"failureMessages":[],"meta":{}},{"ancestorTitles":["UserDetails"],"fullName":"UserDetails should show correct label color for admin role","status":"passed","title":"should show correct label color for admin role","duration":32.254833999999846,"failureMessages":[],"meta":{}},{"ancestorTitles":["UserDetails"],"fullName":"UserDetails should show correct label color for user role","status":"passed","title":"should show correct label color for user role","duration":3.299624999999878,"failureMessages":[],"meta":{}},{"ancestorTitles":["UserDetails"],"fullName":"UserDetails should show correct status label for enabled user","status":"passed","title":"should show correct status label for enabled user","duration":5.57245799999987,"failureMessages":[],"meta":{}},{"ancestorTitles":["UserDetails"],"fullName":"UserDetails should show correct status label for disabled user","status":"passed","title":"should show correct status label for disabled user","duration":8.194375000000036,"failureMessages":[],"meta":{}},{"ancestorTitles":["UserDetails"],"fullName":"UserDetails should show \"N/A\" for missing optional organization field","status":"passed","title":"should show \"N/A\" for missing optional organization field","duration":2.4767910000000484,"failureMessages":[],"meta":{}},{"ancestorTitles":["UserDetails"],"fullName":"UserDetails should show \"N/A\" for missing createdAt field","status":"passed","title":"should show \"N/A\" for missing createdAt field","duration":1.98050000000012,"failureMessages":[],"meta":{}},{"ancestorTitles":["UserDetails"],"fullName":"UserDetails should show \"Never\" for missing lastLogin field","status":"passed","title":"should show \"Never\" for missing lastLogin field","duration":2.287207999999964,"failureMessages":[],"meta":{}},{"ancestorTitles":["UserDetails"],"fullName":"UserDetails should return null when user is null","status":"passed","title":"should return null when user is null","duration":0.4980000000000473,"failureMessages":[],"meta":{}},{"ancestorTitles":["UserDetails"],"fullName":"UserDetails should render complete user with all fields","status":"passed","title":"should render complete user with all fields","duration":6.772500000000036,"failureMessages":[],"meta":{}}],"startTime":1784434189261,"endTime":1784434189383.7725,"status":"passed","message":"","name":"/Users/kartikyadav/Desktop/Newtypeorgs/krkn-org/krkn-operator-console/src/components/__tests__/UserDetails.test.tsx"},{"assertionResults":[{"ancestorTitles":["UserForm","Create Mode (no initialData)"],"fullName":"UserForm Create Mode (no initialData) should render all required fields in create mode","status":"passed","title":"should render all required fields in create mode","duration":89.49583299999995,"failureMessages":[],"meta":{}},{"ancestorTitles":["UserForm","Create Mode (no initialData)"],"fullName":"UserForm Create Mode (no initialData) should validate required email field","status":"passed","title":"should validate required email field","duration":220.6205419999999,"failureMessages":[],"meta":{}},{"ancestorTitles":["UserForm","Create Mode (no initialData)"],"fullName":"UserForm Create Mode (no initialData) should validate email format","status":"passed","title":"should validate email format","duration":198.26283300000023,"failureMessages":[],"meta":{}},{"ancestorTitles":["UserForm","Create Mode (no initialData)"],"fullName":"UserForm Create Mode (no initialData) should validate password is required in create mode","status":"passed","title":"should validate password is required in create mode","duration":145.44399999999996,"failureMessages":[],"meta":{}},{"ancestorTitles":["UserForm","Create Mode (no initialData)"],"fullName":"UserForm Create Mode (no initialData) should validate password strength (min 8 chars)","status":"passed","title":"should validate password strength (min 8 chars)","duration":110.86699999999973,"failureMessages":[],"meta":{}},{"ancestorTitles":["UserForm","Create Mode (no initialData)"],"fullName":"UserForm Create Mode (no initialData) should validate password confirmation match","status":"passed","title":"should validate password confirmation match","duration":285.4361250000002,"failureMessages":[],"meta":{}},{"ancestorTitles":["UserForm","Create Mode (no initialData)"],"fullName":"UserForm Create Mode (no initialData) should validate first name is required","status":"passed","title":"should validate first name is required","duration":47.414999999999964,"failureMessages":[],"meta":{}},{"ancestorTitles":["UserForm","Create Mode (no initialData)"],"fullName":"UserForm Create Mode (no initialData) should validate last name is required","status":"passed","title":"should validate last name is required","duration":43.79245800000035,"failureMessages":[],"meta":{}},{"ancestorTitles":["UserForm","Create Mode (no initialData)"],"fullName":"UserForm Create Mode (no initialData) should submit correct CreateUserRequest data format","status":"passed","title":"should submit correct CreateUserRequest data format","duration":548.1079169999998,"failureMessages":[],"meta":{}},{"ancestorTitles":["UserForm","Create Mode (no initialData)"],"fullName":"UserForm Create Mode (no initialData) should not include organization if empty","status":"passed","title":"should not include organization if empty","duration":553.6820000000002,"failureMessages":[],"meta":{}},{"ancestorTitles":["UserForm","Create Mode (no initialData)"],"fullName":"UserForm Create Mode (no initialData) should show inline validation errors","status":"passed","title":"should show inline validation errors","duration":56.02687500000002,"failureMessages":[],"meta":{}},{"ancestorTitles":["UserForm","Create Mode (no initialData)"],"fullName":"UserForm Create Mode (no initialData) should call onCancel when cancel button clicked","status":"passed","title":"should call onCancel when cancel button clicked","duration":31.073499999999967,"failureMessages":[],"meta":{}},{"ancestorTitles":["UserForm","Create Mode (no initialData)"],"fullName":"UserForm Create Mode (no initialData) should show groups field when groups are provided","status":"passed","title":"should show groups field when groups are provided","duration":25.663708999999926,"failureMessages":[],"meta":{}},{"ancestorTitles":["UserForm","Create Mode (no initialData)"],"fullName":"UserForm Create Mode (no initialData) should not show groups field when no groups provided","status":"passed","title":"should not show groups field when no groups provided","duration":7.722625000000335,"failureMessages":[],"meta":{}},{"ancestorTitles":["UserForm","Create Mode (no initialData)"],"fullName":"UserForm Create Mode (no initialData) should validate at least one group is selected in create mode","status":"passed","title":"should validate at least one group is selected in create mode","duration":540.1127919999999,"failureMessages":[],"meta":{}},{"ancestorTitles":["UserForm","Create Mode (no initialData)"],"fullName":"UserForm Create Mode (no initialData) should allow selecting multiple groups","status":"passed","title":"should allow selecting multiple groups","duration":424.6746659999999,"failureMessages":[],"meta":{}},{"ancestorTitles":["UserForm","Edit Mode (with initialData)"],"fullName":"UserForm Edit Mode (with initialData) should pre-fill form in edit mode","status":"passed","title":"should pre-fill form in edit mode","duration":6.429833000000144,"failureMessages":[],"meta":{}},{"ancestorTitles":["UserForm","Edit Mode (with initialData)"],"fullName":"UserForm Edit Mode (with initialData) should disable email field in edit mode","status":"passed","title":"should disable email field in edit mode","duration":2.9772910000001502,"failureMessages":[],"meta":{}},{"ancestorTitles":["UserForm","Edit Mode (with initialData)"],"fullName":"UserForm Edit Mode (with initialData) should make password optional in edit mode","status":"passed","title":"should make password optional in edit mode","duration":50.85270799999944,"failureMessages":[],"meta":{}},{"ancestorTitles":["UserForm","Edit Mode (with initialData)"],"fullName":"UserForm Edit Mode (with initialData) should not show password fields in edit mode","status":"passed","title":"should not show password fields in edit mode","duration":14.16924999999992,"failureMessages":[],"meta":{}},{"ancestorTitles":["UserForm","Edit Mode (with initialData)"],"fullName":"UserForm Edit Mode (with initialData) should submit correct UpdateUserRequest data format","status":"passed","title":"should submit correct UpdateUserRequest data format","duration":166.605458,"failureMessages":[],"meta":{}},{"ancestorTitles":["UserForm","Edit Mode (with initialData)"],"fullName":"UserForm Edit Mode (with initialData) should show \"Update User\" button text in edit mode","status":"passed","title":"should show \"Update User\" button text in edit mode","duration":29.742583000000195,"failureMessages":[],"meta":{}},{"ancestorTitles":["UserForm","Submission handling"],"fullName":"UserForm Submission handling should handle submission errors gracefully","status":"skipped","title":"should handle submission errors gracefully","failureMessages":[],"meta":{}},{"ancestorTitles":["UserForm","Submission handling"],"fullName":"UserForm Submission handling should disable buttons during submission","status":"passed","title":"should disable buttons during submission","duration":439.8562499999998,"failureMessages":[],"meta":{}}],"startTime":1784434180657,"endTime":1784434184697.8562,"status":"passed","message":"","name":"/Users/kartikyadav/Desktop/Newtypeorgs/krkn-org/krkn-operator-console/src/components/__tests__/UserForm.test.tsx"},{"assertionResults":[{"ancestorTitles":["UserManagement","Loading and Display"],"fullName":"UserManagement Loading and Display should render loading state initially","status":"passed","title":"should render loading state initially","duration":239.3209999999999,"failureMessages":[],"meta":{}},{"ancestorTitles":["UserManagement","Loading and Display"],"fullName":"UserManagement Loading and Display should display user list after loading","status":"passed","title":"should display user list after loading","duration":271.1947919999998,"failureMessages":[],"meta":{}},{"ancestorTitles":["UserManagement","Loading and Display"],"fullName":"UserManagement Loading and Display should show empty state when no users","status":"passed","title":"should show empty state when no users","duration":94.75220799999988,"failureMessages":[],"meta":{}},{"ancestorTitles":["UserManagement","Loading and Display"],"fullName":"UserManagement Loading and Display should show API unavailable message on error","status":"passed","title":"should show API unavailable message on error","duration":92.15562499999987,"failureMessages":[],"meta":{}},{"ancestorTitles":["UserManagement","Admin Permissions"],"fullName":"UserManagement Admin Permissions should show \"Create User\" button for admin","status":"passed","title":"should show \"Create User\" button for admin","duration":105.21950000000015,"failureMessages":[],"meta":{}},{"ancestorTitles":["UserManagement","Admin Permissions"],"fullName":"UserManagement Admin Permissions should not show \"Create User\" button for non-admin","status":"passed","title":"should not show \"Create User\" button for non-admin","duration":4.4061249999999745,"failureMessages":[],"meta":{}},{"ancestorTitles":["UserManagement","Admin Permissions"],"fullName":"UserManagement Admin Permissions should show Edit and Delete buttons for admin","status":"passed","title":"should show Edit and Delete buttons for admin","duration":579.2919999999999,"failureMessages":[],"meta":{}},{"ancestorTitles":["UserManagement","Admin Permissions"],"fullName":"UserManagement Admin Permissions should not show Edit and Delete buttons for non-admin","status":"passed","title":"should not show Edit and Delete buttons for non-admin","duration":308.8741250000003,"failureMessages":[],"meta":{}},{"ancestorTitles":["UserManagement","Create User Workflow"],"fullName":"UserManagement Create User Workflow should open create form when Create User button clicked","status":"passed","title":"should open create form when Create User button clicked","duration":567.0356670000001,"failureMessages":[],"meta":{}},{"ancestorTitles":["UserManagement","Create User Workflow"],"fullName":"UserManagement Create User Workflow should execute create and reload users on form submission","status":"skipped","title":"should execute create and reload users on form submission","failureMessages":[],"meta":{}},{"ancestorTitles":["UserManagement","Create User Workflow"],"fullName":"UserManagement Create User Workflow should show error notification on create failure","status":"skipped","title":"should show error notification on create failure","failureMessages":[],"meta":{}},{"ancestorTitles":["UserManagement","Edit User Workflow"],"fullName":"UserManagement Edit User Workflow should open edit form when Edit clicked","status":"passed","title":"should open edit form when Edit clicked","duration":746.5747919999994,"failureMessages":[],"meta":{}},{"ancestorTitles":["UserManagement","Edit User Workflow"],"fullName":"UserManagement Edit User Workflow should execute update and reload users on form submission","status":"passed","title":"should execute update and reload users on form submission","duration":1444.6899169999997,"failureMessages":[],"meta":{}},{"ancestorTitles":["UserManagement","Delete User Workflow"],"fullName":"UserManagement Delete User Workflow should open delete confirmation when Delete clicked","status":"skipped","title":"should open delete confirmation when Delete clicked","failureMessages":[],"meta":{}},{"ancestorTitles":["UserManagement","Delete User Workflow"],"fullName":"UserManagement Delete User Workflow should execute deletion after confirmation","status":"passed","title":"should execute deletion after confirmation","duration":1522.6319589999994,"failureMessages":[],"meta":{}},{"ancestorTitles":["UserManagement","Delete User Workflow"],"fullName":"UserManagement Delete User Workflow should prevent deleting yourself","status":"passed","title":"should prevent deleting yourself","duration":798.8953330000004,"failureMessages":[],"meta":{}},{"ancestorTitles":["UserManagement","Delete User Workflow"],"fullName":"UserManagement Delete User Workflow should prevent deleting last admin","status":"passed","title":"should prevent deleting last admin","duration":584.344708999999,"failureMessages":[],"meta":{}},{"ancestorTitles":["UserManagement","View User Details"],"fullName":"UserManagement View User Details should show user details when View Details clicked","status":"passed","title":"should show user details when View Details clicked","duration":713.163708,"failureMessages":[],"meta":{}},{"ancestorTitles":["UserManagement","Error Handling"],"fullName":"UserManagement Error Handling should handle API failures gracefully","status":"passed","title":"should handle API failures gracefully","duration":95.25087499999972,"failureMessages":[],"meta":{}},{"ancestorTitles":["UserManagement","Error Handling"],"fullName":"UserManagement Error Handling should show error on delete failure","status":"passed","title":"should show error on delete failure","duration":647.8925409999993,"failureMessages":[],"meta":{}}],"startTime":1784434181483,"endTime":1784434190300.8926,"status":"passed","message":"","name":"/Users/kartikyadav/Desktop/Newtypeorgs/krkn-org/krkn-operator-console/src/components/__tests__/UserManagement.test.tsx"},{"assertionResults":[{"ancestorTitles":["UsersCard"],"fullName":"UsersCard should render users list","status":"passed","title":"should render users list","duration":470.48120800000015,"failureMessages":[],"meta":{}},{"ancestorTitles":["UsersCard"],"fullName":"UsersCard should show user count in title","status":"passed","title":"should show user count in title","duration":82.263958,"failureMessages":[],"meta":{}},{"ancestorTitles":["UsersCard"],"fullName":"UsersCard should enable Create User button when groups exist","status":"passed","title":"should enable Create User button when groups exist","duration":62.07012499999996,"failureMessages":[],"meta":{}},{"ancestorTitles":["UsersCard"],"fullName":"UsersCard should disable Create User button when no groups exist","status":"passed","title":"should disable Create User button when no groups exist","duration":71.47691699999996,"failureMessages":[],"meta":{}},{"ancestorTitles":["UsersCard"],"fullName":"UsersCard should show tooltip when Create User button is disabled","status":"passed","title":"should show tooltip when Create User button is disabled","duration":76.46749999999997,"failureMessages":[],"meta":{}},{"ancestorTitles":["UsersCard"],"fullName":"UsersCard should show empty state when no users exist and groups exist","status":"passed","title":"should show empty state when no users exist and groups exist","duration":70.56662499999993,"failureMessages":[],"meta":{}},{"ancestorTitles":["UsersCard"],"fullName":"UsersCard should show empty state with group requirement when no users and no groups exist","status":"passed","title":"should show empty state with group requirement when no users and no groups exist","duration":54.78304200000002,"failureMessages":[],"meta":{}},{"ancestorTitles":["UsersCard"],"fullName":"UsersCard should not show Create User button for non-admin users","status":"passed","title":"should not show Create User button for non-admin users","duration":43.791499999999814,"failureMessages":[],"meta":{}},{"ancestorTitles":["UsersCard"],"fullName":"UsersCard should handle API errors gracefully","status":"passed","title":"should handle API errors gracefully","duration":85.78983400000016,"failureMessages":[],"meta":{}},{"ancestorTitles":["UsersCard"],"fullName":"UsersCard should display user roles with correct color labels","status":"passed","title":"should display user roles with correct color labels","duration":54.67958399999998,"failureMessages":[],"meta":{}},{"ancestorTitles":["UsersCard"],"fullName":"UsersCard should display user status correctly","status":"passed","title":"should display user status correctly","duration":225.66649999999981,"failureMessages":[],"meta":{}}],"startTime":1784434183790,"endTime":1784434185088.6665,"status":"passed","message":"","name":"/Users/kartikyadav/Desktop/Newtypeorgs/krkn-org/krkn-operator-console/src/components/__tests__/UsersCard.test.tsx"},{"assertionResults":[{"ancestorTitles":["graphRunsApi","listGraphRuns"],"fullName":"graphRunsApi listGraphRuns should return list of graph runs without filters","status":"passed","title":"should return list of graph runs without filters","duration":2.400624999999991,"failureMessages":[],"meta":{}},{"ancestorTitles":["graphRunsApi","listGraphRuns"],"fullName":"graphRunsApi listGraphRuns should filter by ownerUserId when provided","status":"passed","title":"should filter by ownerUserId when provided","duration":0.30366700000001856,"failureMessages":[],"meta":{}},{"ancestorTitles":["graphRunsApi","listGraphRuns"],"fullName":"graphRunsApi listGraphRuns should throw error on API failure","status":"passed","title":"should throw error on API failure","duration":0.7725410000000466,"failureMessages":[],"meta":{}},{"ancestorTitles":["graphRunsApi","getGraphRun"],"fullName":"graphRunsApi getGraphRun should fetch specific graph run by name","status":"passed","title":"should fetch specific graph run by name","duration":0.1965420000000222,"failureMessages":[],"meta":{}},{"ancestorTitles":["graphRunsApi","getGraphRun"],"fullName":"graphRunsApi getGraphRun should encode special characters in graph run name","status":"passed","title":"should encode special characters in graph run name","duration":0.17029100000002018,"failureMessages":[],"meta":{}},{"ancestorTitles":["graphRunsApi","getGraphRun"],"fullName":"graphRunsApi getGraphRun should throw error when graph run not found","status":"passed","title":"should throw error when graph run not found","duration":0.17087500000002365,"failureMessages":[],"meta":{}},{"ancestorTitles":["graphRunsApi","createGraphRun"],"fullName":"graphRunsApi createGraphRun should create graph run with valid data","status":"passed","title":"should create graph run with valid data","duration":0.3795829999999114,"failureMessages":[],"meta":{}},{"ancestorTitles":["graphRunsApi","createGraphRun"],"fullName":"graphRunsApi createGraphRun should handle validation errors","status":"passed","title":"should handle validation errors","duration":0.1053749999999809,"failureMessages":[],"meta":{}},{"ancestorTitles":["graphRunsApi","createGraphRun"],"fullName":"graphRunsApi createGraphRun should pass custom headers when provided","status":"passed","title":"should pass custom headers when provided","duration":0.24745800000005147,"failureMessages":[],"meta":{}},{"ancestorTitles":["graphRunsApi","createGraphRun"],"fullName":"graphRunsApi createGraphRun should handle permission errors","status":"passed","title":"should handle permission errors","duration":0.11741599999993468,"failureMessages":[],"meta":{}},{"ancestorTitles":["graphRunsApi","deleteGraphRun"],"fullName":"graphRunsApi deleteGraphRun should delete graph run successfully","status":"passed","title":"should delete graph run successfully","duration":0.18495800000005147,"failureMessages":[],"meta":{}},{"ancestorTitles":["graphRunsApi","deleteGraphRun"],"fullName":"graphRunsApi deleteGraphRun should throw error on 404 not found","status":"passed","title":"should throw error on 404 not found","duration":0.13116700000000492,"failureMessages":[],"meta":{}},{"ancestorTitles":["graphRunsApi","deleteGraphRun"],"fullName":"graphRunsApi deleteGraphRun should throw error on 403 forbidden","status":"passed","title":"should throw error on 403 forbidden","duration":0.10579200000006495,"failureMessages":[],"meta":{}},{"ancestorTitles":["graphRunsApi","deleteGraphRun"],"fullName":"graphRunsApi deleteGraphRun should handle JSON parsing failure","status":"passed","title":"should handle JSON parsing failure","duration":0.2684590000000071,"failureMessages":[],"meta":{}},{"ancestorTitles":["graphRunsApi","validateGraph"],"fullName":"graphRunsApi validateGraph should return no errors for valid graph","status":"passed","title":"should return no errors for valid graph","duration":0.1456670000000031,"failureMessages":[],"meta":{}},{"ancestorTitles":["graphRunsApi","validateGraph"],"fullName":"graphRunsApi validateGraph should return error for empty graph","status":"passed","title":"should return error for empty graph","duration":0.255916999999954,"failureMessages":[],"meta":{}},{"ancestorTitles":["graphRunsApi","validateGraph"],"fullName":"graphRunsApi validateGraph should return error for node without name or image","status":"passed","title":"should return error for node without name or image","duration":0.08370899999999892,"failureMessages":[],"meta":{}},{"ancestorTitles":["graphRunsApi","validateGraph"],"fullName":"graphRunsApi validateGraph should return error for invalid depends_on reference","status":"passed","title":"should return error for invalid depends_on reference","duration":0.05916700000000219,"failureMessages":[],"meta":{}},{"ancestorTitles":["graphRunsApi","validateGraph"],"fullName":"graphRunsApi validateGraph should return error for self-dependency","status":"passed","title":"should return error for self-dependency","duration":0.07650000000001,"failureMessages":[],"meta":{}},{"ancestorTitles":["graphRunsApi","validateGraph"],"fullName":"graphRunsApi validateGraph should detect circular dependencies","status":"passed","title":"should detect circular dependencies","duration":0.16741700000000037,"failureMessages":[],"meta":{}},{"ancestorTitles":["graphRunsApi","validateGraph"],"fullName":"graphRunsApi validateGraph should allow valid chain of dependencies","status":"passed","title":"should allow valid chain of dependencies","duration":0.04833399999995436,"failureMessages":[],"meta":{}}],"startTime":1784434190066,"endTime":1784434190073.1675,"status":"passed","message":"","name":"/Users/kartikyadav/Desktop/Newtypeorgs/krkn-org/krkn-operator-console/src/services/__tests__/graphRunsApi.test.ts"},{"assertionResults":[{"ancestorTitles":["OperatorApi - Registry Methods","getScenarios"],"fullName":"OperatorApi - Registry Methods getScenarios should fetch scenarios with public registry (empty request)","status":"passed","title":"should fetch scenarios with public registry (empty request)","duration":2.158625000000029,"failureMessages":[],"meta":{}},{"ancestorTitles":["OperatorApi - Registry Methods","getScenarios"],"fullName":"OperatorApi - Registry Methods getScenarios should fetch scenarios with private registry credentials","status":"passed","title":"should fetch scenarios with private registry credentials","duration":0.24204100000008566,"failureMessages":[],"meta":{}},{"ancestorTitles":["OperatorApi - Registry Methods","getScenarios"],"fullName":"OperatorApi - Registry Methods getScenarios should fetch scenarios with private registry token","status":"passed","title":"should fetch scenarios with private registry token","duration":0.28108399999996436,"failureMessages":[],"meta":{}},{"ancestorTitles":["OperatorApi - Registry Methods","getScenarios"],"fullName":"OperatorApi - Registry Methods getScenarios should handle skipTls and insecure flags","status":"passed","title":"should handle skipTls and insecure flags","duration":0.16229199999997945,"failureMessages":[],"meta":{}},{"ancestorTitles":["OperatorApi - Registry Methods","getScenarios"],"fullName":"OperatorApi - Registry Methods getScenarios should handle API errors when fetching scenarios","status":"passed","title":"should handle API errors when fetching scenarios","duration":0.5881249999999909,"failureMessages":[],"meta":{}},{"ancestorTitles":["OperatorApi - Registry Methods","getScenarios"],"fullName":"OperatorApi - Registry Methods getScenarios should handle empty scenarios list","status":"passed","title":"should handle empty scenarios list","duration":0.18475000000000819,"failureMessages":[],"meta":{}},{"ancestorTitles":["OperatorApi - Registry Methods","getScenarioDetail"],"fullName":"OperatorApi - Registry Methods getScenarioDetail should fetch scenario detail with public registry","status":"passed","title":"should fetch scenario detail with public registry","duration":0.9913330000000542,"failureMessages":[],"meta":{}},{"ancestorTitles":["OperatorApi - Registry Methods","getScenarioDetail"],"fullName":"OperatorApi - Registry Methods getScenarioDetail should fetch scenario detail with private registry credentials","status":"passed","title":"should fetch scenario detail with private registry credentials","duration":0.5315830000000688,"failureMessages":[],"meta":{}},{"ancestorTitles":["OperatorApi - Registry Methods","getScenarioDetail"],"fullName":"OperatorApi - Registry Methods getScenarioDetail should encode scenario name in URL","status":"passed","title":"should encode scenario name in URL","duration":0.5818340000000717,"failureMessages":[],"meta":{}},{"ancestorTitles":["OperatorApi - Registry Methods","getScenarioDetail"],"fullName":"OperatorApi - Registry Methods getScenarioDetail should handle different field types","status":"passed","title":"should handle different field types","duration":0.38258299999995415,"failureMessages":[],"meta":{}},{"ancestorTitles":["OperatorApi - Registry Methods","getScenarioDetail"],"fullName":"OperatorApi - Registry Methods getScenarioDetail should handle API errors when fetching scenario detail","status":"passed","title":"should handle API errors when fetching scenario detail","duration":0.3890830000000278,"failureMessages":[],"meta":{}},{"ancestorTitles":["OperatorApi - Registry Methods","getScenarioGlobals"],"fullName":"OperatorApi - Registry Methods getScenarioGlobals should fetch global parameters with public registry","status":"passed","title":"should fetch global parameters with public registry","duration":0.38841600000000653,"failureMessages":[],"meta":{}},{"ancestorTitles":["OperatorApi - Registry Methods","getScenarioGlobals"],"fullName":"OperatorApi - Registry Methods getScenarioGlobals should fetch global parameters with private registry","status":"passed","title":"should fetch global parameters with private registry","duration":0.26920800000004874,"failureMessages":[],"meta":{}},{"ancestorTitles":["OperatorApi - Registry Methods","getScenarioGlobals"],"fullName":"OperatorApi - Registry Methods getScenarioGlobals should encode scenario name in URL for globals","status":"passed","title":"should encode scenario name in URL for globals","duration":0.30320899999992434,"failureMessages":[],"meta":{}},{"ancestorTitles":["OperatorApi - Registry Methods","getScenarioGlobals"],"fullName":"OperatorApi - Registry Methods getScenarioGlobals should handle empty global parameters","status":"passed","title":"should handle empty global parameters","duration":0.18791699999997036,"failureMessages":[],"meta":{}},{"ancestorTitles":["OperatorApi - Registry Methods","getScenarioGlobals"],"fullName
[...]
title":"should throw error when user not found","duration":0.5974999999999682,"failureMessages":[],"meta":{}},{"ancestorTitles":["usersApi","createUser"],"fullName":"usersApi createUser should create user with valid data","status":"passed","title":"should create user with valid data","duration":0.7147080000000869,"failureMessages":[],"meta":{}},{"ancestorTitles":["usersApi","createUser"],"fullName":"usersApi createUser should handle validation errors","status":"passed","title":"should handle validation errors","duration":0.14974999999992633,"failureMessages":[],"meta":{}},{"ancestorTitles":["usersApi","createUser"],"fullName":"usersApi createUser should create user without optional organization field","status":"passed","title":"should create user without optional organization field","duration":0.1443330000000742,"failureMessages":[],"meta":{}},{"ancestorTitles":["usersApi","updateUser"],"fullName":"usersApi updateUser should update user with valid data","status":"passed","title":"should update user with valid data","duration":0.23450000000002547,"failureMessages":[],"meta":{}},{"ancestorTitles":["usersApi","updateUser"],"fullName":"usersApi updateUser should handle partial updates","status":"passed","title":"should handle partial updates","duration":0.06287499999996271,"failureMessages":[],"meta":{}},{"ancestorTitles":["usersApi","updateUser"],"fullName":"usersApi updateUser should throw error when user not found","status":"passed","title":"should throw error when user not found","duration":0.15099999999995362,"failureMessages":[],"meta":{}},{"ancestorTitles":["usersApi","deleteUser"],"fullName":"usersApi deleteUser should delete user successfully","status":"passed","title":"should delete user successfully","duration":0.214917000000014,"failureMessages":[],"meta":{}},{"ancestorTitles":["usersApi","deleteUser"],"fullName":"usersApi deleteUser should throw error when user not found","status":"passed","title":"should throw error when user not found","duration":0.25966600000003837,"failureMessages":[],"meta":{}},{"ancestorTitles":["usersApi","deleteUser"],"fullName":"usersApi deleteUser should encode special characters in userId for deletion","status":"passed","title":"should encode special characters in userId for deletion","duration":0.10720900000001166,"failureMessages":[],"meta":{}}],"startTime":1784434189787,"endTime":1784434189793.1072,"status":"passed","message":"","name":"/Users/kartikyadav/Desktop/Newtypeorgs/krkn-org/krkn-operator-console/src/services/__tests__/usersApi.test.ts"},{"assertionResults":[{"ancestorTitles":["getScenarioCategory"],"fullName":"getScenarioCategory maps known krkn-hub scenarios to the docs taxonomy","status":"passed","title":"maps known krkn-hub scenarios to the docs taxonomy","duration":0.8167500000000132,"failureMessages":[],"meta":{}},{"ancestorTitles":["getScenarioCategory"],"fullName":"getScenarioCategory is case-insensitive and tolerant of a registry prefix","status":"passed","title":"is case-insensitive and tolerant of a registry prefix","duration":0.06091699999996081,"failureMessages":[],"meta":{}},{"ancestorTitles":["getScenarioCategory"],"fullName":"getScenarioCategory falls back on keywords for unknown names, network before pod/node","status":"passed","title":"falls back on keywords for unknown names, network before pod/node","duration":0.1705830000000219,"failureMessages":[],"meta":{}},{"ancestorTitles":["getScenarioCategory"],"fullName":"getScenarioCategory returns Other for anything unrecognized","status":"passed","title":"returns Other for anything unrecognized","duration":0.21649999999999636,"failureMessages":[],"meta":{}}],"startTime":1784434190142,"endTime":1784434190143.2166,"status":"passed","message":"","name":"/Users/kartikyadav/Desktop/Newtypeorgs/krkn-org/krkn-operator-console/src/utils/__tests__/scenarioCategory.test.ts"},{"assertionResults":[{"ancestorTitles":["terminalValidation","validateCommand","valid commands"],"fullName":"terminalValidation validateCommand valid commands should allow get command","status":"passed","title":"should allow get command","duration":0.6753330000000233,"failureMessages":[],"meta":{}},{"ancestorTitles":["terminalValidation","validateCommand","valid commands"],"fullName":"terminalValidation validateCommand valid commands should allow describe command","status":"passed","title":"should allow describe command","duration":0.1609169999999267,"failureMessages":[],"meta":{}},{"ancestorTitles":["terminalValidation","validateCommand","valid commands"],"fullName":"terminalValidation validateCommand valid commands should allow logs command","status":"passed","title":"should allow logs command","duration":0.11341700000002675,"failureMessages":[],"meta":{}},{"ancestorTitles":["terminalValidation","validateCommand","valid commands"],"fullName":"terminalValidation validateCommand valid commands should allow top command","status":"passed","title":"should allow top command","duration":0.06462499999997817,"failureMessages":[],"meta":{}},{"ancestorTitles":["terminalValidation","validateCommand","valid commands"],"fullName":"terminalValidation validateCommand valid commands should allow version command","status":"passed","title":"should allow version command","duration":0.050374999999917236,"failureMessages":[],"meta":{}},{"ancestorTitles":["terminalValidation","validateCommand","valid commands"],"fullName":"terminalValidation validateCommand valid commands should allow commands with allowed flags","status":"passed","title":"should allow commands with allowed flags","duration":0.04975000000001728,"failureMessages":[],"meta":{}},{"ancestorTitles":["terminalValidation","validateCommand","valid commands"],"fullName":"terminalValidation validateCommand valid commands should allow commands without kubectl prefix","status":"passed","title":"should allow commands without kubectl prefix","duration":0.04408300000000054,"failureMessages":[],"meta":{}},{"ancestorTitles":["terminalValidation","validateCommand","valid commands"],"fullName":"terminalValidation validateCommand valid commands should allow oc get command","status":"passed","title":"should allow oc get command","duration":0.11216699999999946,"failureMessages":[],"meta":{}},{"ancestorTitles":["terminalValidation","validateCommand","valid commands"],"fullName":"terminalValidation validateCommand valid commands should allow oc describe command","status":"passed","title":"should allow oc describe command","duration":0.11620800000002873,"failureMessages":[],"meta":{}},{"ancestorTitles":["terminalValidation","validateCommand","valid commands"],"fullName":"terminalValidation validateCommand valid commands should allow oc logs command","status":"passed","title":"should allow oc logs command","duration":0.16012499999999363,"failureMessages":[],"meta":{}},{"ancestorTitles":["terminalValidation","validateCommand","valid commands"],"fullName":"terminalValidation validateCommand valid commands should allow oc commands with flags","status":"passed","title":"should allow oc commands with flags","duration":0.0559170000000222,"failureMessages":[],"meta":{}},{"ancestorTitles":["terminalValidation","validateCommand","valid commands"],"fullName":"terminalValidation validateCommand valid commands should allow bare kubectl command (shows help)","status":"passed","title":"should allow bare kubectl command (shows help)","duration":0.04816700000003493,"failureMessages":[],"meta":{}},{"ancestorTitles":["terminalValidation","validateCommand","valid commands"],"fullName":"terminalValidation validateCommand valid commands should allow bare oc command (shows help)","status":"passed","title":"should allow bare oc command (shows help)","duration":0.04574999999999818,"failureMessages":[],"meta":{}},{"ancestorTitles":["terminalValidation","validateCommand","blocked streaming flags"],"fullName":"terminalValidation validateCommand blocked streaming flags should block --watch flag","status":"passed","title":"should block --watch flag","duration":0.17504199999996217,"failureMessages":[],"meta":{}},{"ancestorTitles":["terminalValidation","validateCommand","blocked streaming flags"],"fullName":"terminalValidation validateCommand blocked streaming flags should block -w short flag","status":"passed","title":"should block -w short flag","duration":0.07716600000003382,"failureMessages":[],"meta":{}},{"ancestorTitles":["terminalValidation","validateCommand","blocked streaming flags"],"fullName":"terminalValidation validateCommand blocked streaming flags should block --follow flag","status":"passed","title":"should block --follow flag","duration":0.05116700000007768,"failureMessages":[],"meta":{}},{"ancestorTitles":["terminalValidation","validateCommand","blocked streaming flags"],"fullName":"terminalValidation validateCommand blocked streaming flags should block -f short flag in logs command","status":"passed","title":"should block -f short flag in logs command","duration":0.04750000000001364,"failureMessages":[],"meta":{}},{"ancestorTitles":["terminalValidation","validateCommand","blocked streaming flags"],"fullName":"terminalValidation validateCommand blocked streaming flags should NOT block -f flag in apply command (file argument)","status":"passed","title":"should NOT block -f flag in apply command (file argument)","duration":0.05670799999995779,"failureMessages":[],"meta":{}},{"ancestorTitles":["terminalValidation","validateCommand","blocked streaming flags"],"fullName":"terminalValidation validateCommand blocked streaming flags should block --watch-only flag","status":"passed","title":"should block --watch-only flag","duration":0.04433300000005147,"failureMessages":[],"meta":{}},{"ancestorTitles":["terminalValidation","validateCommand","blocked streaming flags"],"fullName":"terminalValidation validateCommand blocked streaming flags should block streaming flag with value","status":"passed","title":"should block streaming flag with value","duration":0.08504200000004403,"failureMessages":[],"meta":{}},{"ancestorTitles":["terminalValidation","validateCommand","blocked streaming flags"],"fullName":"terminalValidation validateCommand blocked streaming flags should block multiple streaming flags","status":"passed","title":"should block multiple streaming flags","duration":0.07349999999996726,"failureMessages":[],"meta":{}},{"ancestorTitles":["terminalValidation","validateCommand","blocked streaming flags"],"fullName":"terminalValidation validateCommand blocked streaming flags should block --watch flag in oc commands","status":"passed","title":"should block --watch flag in oc commands","duration":0.053458999999975276,"failureMessages":[],"meta":{}},{"ancestorTitles":["terminalValidation","validateCommand","blocked streaming flags"],"fullName":"terminalValidation validateCommand blocked streaming flags should block --follow flag in oc logs","status":"passed","title":"should block --follow flag in oc logs","duration":0.04220799999995961,"failureMessages":[],"meta":{}},{"ancestorTitles":["terminalValidation","validateCommand","blocked write commands"],"fullName":"terminalValidation validateCommand blocked write commands should block apply command","status":"passed","title":"should block apply command","duration":0.06479200000001129,"failureMessages":[],"meta":{}},{"ancestorTitles":["terminalValidation","validateCommand","blocked write commands"],"fullName":"terminalValidation validateCommand blocked write commands should block create command","status":"passed","title":"should block create command","duration":0.04254200000002584,"failureMessages":[],"meta":{}},{"ancestorTitles":["terminalValidation","validateCommand","blocked write commands"],"fullName":"terminalValidation validateCommand blocked write commands should block delete command","status":"passed","title":"should block delete command","duration":0.03920899999991434,"failureMessages":[],"meta":{}},{"ancestorTitles":["terminalValidation","validateCommand","blocked write commands"],"fullName":"terminalValidation validateCommand blocked write commands should block edit command","status":"passed","title":"should block edit command","duration":0.05199999999990723,"failureMessages":[],"meta":{}},{"ancestorTitles":["terminalValidation","validateCommand","blocked write commands"],"fullName":"terminalValidation validateCommand blocked write commands should block patch command","status":"passed","title":"should block patch command","duration":0.04279199999996308,"failureMessages":[],"meta":{}},{"ancestorTitles":["terminalValidation","validateCommand","blocked write commands"],"fullName":"terminalValidation validateCommand blocked write commands should block scale command","status":"passed","title":"should block scale command","duration":0.04045900000005531,"failureMessages":[],"meta":{}},{"ancestorTitles":["terminalValidation","validateCommand","blocked write commands"],"fullName":"terminalValidation validateCommand blocked write commands should block exec command","status":"passed","title":"should block exec command","duration":0.039750000000026375,"failureMessages":[],"meta":{}},{"ancestorTitles":["terminalValidation","validateCommand","blocked write commands"],"fullName":"terminalValidation validateCommand blocked write commands should block port-forward command","status":"passed","title":"should block port-forward command","duration":0.03887500000007549,"failureMessages":[],"meta":{}},{"ancestorTitles":["terminalValidation","validateCommand","blocked write commands"],"fullName":"terminalValidation validateCommand blocked write commands should block delete in oc commands","status":"passed","title":"should block delete in oc commands","duration":0.03779199999996763,"failureMessages":[],"meta":{}},{"ancestorTitles":["terminalValidation","validateCommand","blocked write commands"],"fullName":"terminalValidation validateCommand blocked write commands should block apply in oc commands","status":"passed","title":"should block apply in oc commands","duration":0.038041000000021086,"failureMessages":[],"meta":{}},{"ancestorTitles":["terminalValidation","validateCommand","invalid input"],"fullName":"terminalValidation validateCommand invalid input should reject empty command","status":"passed","title":"should reject empty command","duration":0.042625000000043656,"failureMessages":[],"meta":{}},{"ancestorTitles":["terminalValidation","validateCommand","invalid input"],"fullName":"terminalValidation validateCommand invalid input should reject whitespace-only command","status":"passed","title":"should reject whitespace-only command","duration":0.03983299999993051,"failureMessages":[],"meta":{}},{"ancestorTitles":["terminalValidation","validateCommand","invalid input"],"fullName":"terminalValidation validateCommand invalid input should reject unknown command","status":"passed","title":"should reject unknown command","duration":0.05145900000002257,"failureMessages":[],"meta":{}},{"ancestorTitles":["terminalValidation","validateCommand","edge cases"],"fullName":"terminalValidation validateCommand edge cases should handle command with extra whitespace","status":"passed","title":"should handle command with extra whitespace","duration":0.032166999999958534,"failureMessages":[],"meta":{}},{"ancestorTitles":["terminalValidation","validateCommand","edge cases"],"fullName":"terminalValidation validateCommand edge cases should be case-sensitive for subcommands","status":"passed","title":"should be case-sensitive for subcommands","duration":0.028874999999970896,"failureMessages":[],"meta":{}},{"ancestorTitles":["terminalValidation","validateCommand","edge cases"],"fullName":"terminalValidation validateCommand edge cases should handle command with namespace flag","status":"passed","title":"should handle command with namespace flag","duration":0.030416999999943073,"failureMessages":[],"meta":{}},{"ancestorTitles":["terminalValidation","validateCommand","edge cases"],"fullName":"terminalValidation validateCommand edge cases should handle command with output format","status":"passed","title":"should handle command with output format","duration":0.0286670000000413,"failureMessages":[],"meta":{}},{"ancestorTitles":["terminalValidation","getAllowedCommands"],"fullName":"terminalValidation getAllowedCommands should return array of allowed commands","status":"passed","title":"should return array of allowed commands","duration":0.08749999999997726,"failureMessages":[],"meta":{}},{"ancestorTitles":["terminalValidation","getAllowedCommands"],"fullName":"terminalValidation getAllowedCommands should include common read-only commands","status":"passed","title":"should include common read-only commands","duration":0.3872910000000047,"failureMessages":[],"meta":{}},{"ancestorTitles":["terminalValidation","getAllowedCommands"],"fullName":"terminalValidation getAllowedCommands should return sorted array","status":"passed","title":"should return sorted array","duration":0.31895799999995234,"failureMessages":[],"meta":{}},{"ancestorTitles":["terminalValidation","getAllowedCommands"],"fullName":"terminalValidation getAllowedCommands should not include write commands","status":"passed","title":"should not include write commands","duration":0.15374999999994543,"failureMessages":[],"meta":{}},{"ancestorTitles":["terminalValidation","isWriteCommand"],"fullName":"terminalValidation isWriteCommand should return true for write commands","status":"passed","title":"should return true for write commands","duration":0.06687499999998181,"failureMessages":[],"meta":{}},{"ancestorTitles":["terminalValidation","isWriteCommand"],"fullName":"terminalValidation isWriteCommand should return false for read commands","status":"passed","title":"should return false for read commands","duration":0.06179199999996854,"failureMessages":[],"meta":{}},{"ancestorTitles":["terminalValidation","isWriteCommand"],"fullName":"terminalValidation isWriteCommand should return false for unknown commands","status":"passed","title":"should return false for unknown commands","duration":0.027665999999953783,"failureMessages":[],"meta":{}},{"ancestorTitles":["terminalValidation","hasStreamingFlags"],"fullName":"terminalValidation hasStreamingFlags should return true for commands with --watch","status":"passed","title":"should return true for commands with --watch","duration":0.03729199999997945,"failureMessages":[],"meta":{}},{"ancestorTitles":["terminalValidation","hasStreamingFlags"],"fullName":"terminalValidation hasStreamingFlags should return true for commands with -w","status":"passed","title":"should return true for commands with -w","duration":0.02712500000006912,"failureMessages":[],"meta":{}},{"ancestorTitles":["terminalValidation","hasStreamingFlags"],"fullName":"terminalValidation hasStreamingFlags should return true for commands with --follow","status":"passed","title":"should return true for commands with --follow","duration":0.027207999999973254,"failureMessages":[],"meta":{}},{"ancestorTitles":["terminalValidation","hasStreamingFlags"],"fullName":"terminalValidation hasStreamingFlags should return true for commands with -f","status":"passed","title":"should return true for commands with -f","duration":0.02762499999994361,"failureMessages":[],"meta":{}},{"ancestorTitles":["terminalValidation","hasStreamingFlags"],"fullName":"terminalValidation hasStreamingFlags should return false for commands without streaming flags","status":"passed","title":"should return false for commands without streaming flags","duration":0.03920900000002803,"failureMessages":[],"meta":{}},{"ancestorTitles":["terminalValidation","hasStreamingFlags"],"fullName":"terminalValidation hasStreamingFlags should return true for streaming flag with value","status":"passed","title":"should return true for streaming flag with value","duration":0.027291999999988548,"failureMessages":[],"meta":{}}],"startTime":1784434189602,"endTime":1784434189607.3188,"status":"passed","message":"","name":"/Users/kartikyadav/Desktop/Newtypeorgs/krkn-org/krkn-operator-console/src/utils/__tests__/terminalValidation.test.ts"}]}